Using pre-set license
Built from '2021.1/staging' branch; Version is '2021.1.6f1 (c0fade0cc7e9) revision 12647134'; Using compiler version '192528614'; Build Type 'Release'
OS: 'Windows 10 Home; OS build 19044.2486; Version 2009; 64bit' Language: 'ja' Physical Memory: 7954 MB
BatchMode: 1, IsHumanControllingUs: 0, StartBugReporterOnCrash: 0, Is64bit: 1, IsPro: 0

 COMMAND LINE ARGUMENTS:
C:\Program Files\Unity\Hub\Editor\2021.1.6f1\Editor\Unity.exe
-adb2
-batchMode
-noUpm
-name
AssetImportWorker0
-projectPath
C:/unity_daigaku/2Dアクション
-logFile
Logs/AssetImportWorker0.log
-srvPort
62047
Successfully changed project path to: C:/unity_daigaku/2Dアクション
C:/unity_daigaku/2Dアクション
Using Asset Import Pipeline V2.
Refreshing native plugins compatible for Editor in 66.64 ms, found 3 plugins.
Preloading 0 native plugins for Editor in 0.00 ms.
Initialize engine version: 2021.1.6f1 (c0fade0cc7e9)
[Subsystems] Discovering subsystems at path C:/Program Files/Unity/Hub/Editor/2021.1.6f1/Editor/Data/Resources/UnitySubsystems
[Subsystems] Discovering subsystems at path C:/unity_daigaku/2Dアクション/Assets
GfxDevice: creating device client; threaded=0; jobified=0
Direct3D:
    Version:  Direct3D 11.0 [level 11.1]
    Renderer: Intel(R) UHD Graphics (ID=0x9b41)
    Vendor:   Intel
    VRAM:     3977 MB
    Driver:   30.0.100.9864
Shader 'Custom/RainShader': fallback shader 'Particles/Alpha Blended' not found
Initialize mono
Mono path[0] = 'C:/Program Files/Unity/Hub/Editor/2021.1.6f1/Editor/Data/Managed'
Mono path[1] = 'C:/Program Files/Unity/Hub/Editor/2021.1.6f1/Editor/Data/MonoBleedingEdge/lib/mono/unityjit'
Mono config path = 'C:/Program Files/Unity/Hub/Editor/2021.1.6f1/Editor/Data/MonoBleedingEdge/etc'
Using monoOptions --debugger-agent=transport=dt_socket,embedding=1,server=y,suspend=n,address=127.0.0.1:56044
Begin MonoManager ReloadAssembly
Registering precompiled unity dll's ...
Register platform support module: C:/Program Files/Unity/Hub/Editor/2021.1.6f1/Editor/Data/PlaybackEngines/WindowsStandaloneSupport/UnityEditor.WindowsStandalone.Extensions.dll
Registered in 0.003807 seconds.
Native extension for WindowsStandalone target not found
Refreshing native plugins compatible for Editor in 74.06 ms, found 3 plugins.
Preloading 0 native plugins for Editor in 0.00 ms.
Mono: successfully reloaded assembly
- Completed reload, in  3.610 seconds
Platform modules already initialized, skipping
Registering precompiled user dll's ...
Registered in 0.016403 seconds.
Begin MonoManager ReloadAssembly
Native extension for WindowsStandalone target not found
Refreshing native plugins compatible for Editor in 62.87 ms, found 3 plugins.
Preloading 0 native plugins for Editor in 0.00 ms.
Mono: successfully reloaded assembly
- Completed reload, in  1.615 seconds
Platform modules already initialized, skipping
========================================================================
Worker process is ready to serve import requests
Shader 'Custom/RainShader': fallback shader 'Particles/Alpha Blended' not found
Launched and connected shader compiler UnityShaderCompiler.exe after 0.06 seconds
Refreshing native plugins compatible for Editor in 0.56 ms, found 3 plugins.
Preloading 0 native plugins for Editor in 0.00 ms.
Unloading 2422 Unused Serialized files (Serialized files now loaded: 0)
System memory in use before: 196.5 MB.
System memory in use after: 196.7 MB.

Unloading 29 unused Assets to reduce memory usage. Loaded Objects now: 2900.
Total: 2.871400 ms (FindLiveObjects: 0.223600 ms CreateObjectMapping: 0.121600 ms MarkObjects: 2.441200 ms  DeleteObjects: 0.084300 ms)

========================================================================
Received Import Request.
  path: Assets/NagomiGokubosoGothic-ExtraLight.otf
  artifactKey: Guid(cce98dc46794c334b9d1fac708380e90) Importer(815301076,1909f56bfc062723c751e8b465ee728b)
Start importing Assets/NagomiGokubosoGothic-ExtraLight.otf using Guid(cce98dc46794c334b9d1fac708380e90) Importer(815301076,1909f56bfc062723c751e8b465ee728b)  -> (artifact id: 'c943fb5bb4fb106d0e964ad42d79853a') in 0.179038 seconds 
========================================================================
Received Import Request.
  Time since last request: 902.794179 seconds.
  path: Assets/uzura.ttf
  artifactKey: Guid(c60c6348c30883040bc050c9de6d1dd9) Importer(815301076,1909f56bfc062723c751e8b465ee728b)
Start importing Assets/uzura.ttf using Guid(c60c6348c30883040bc050c9de6d1dd9) Importer(815301076,1909f56bfc062723c751e8b465ee728b)  -> (artifact id: 'fbc772af3a09c946df8e616b04e552d9') in 0.041102 seconds 
========================================================================
Received Prepare
Registering precompiled user dll's ...
Registered in 0.010456 seconds.
Begin MonoManager ReloadAssembly
Native extension for WindowsStandalone target not found
Refreshing native plugins compatible for Editor in 0.65 ms, found 3 plugins.
Preloading 0 native plugins for Editor in 0.00 ms.
Mono: successfully reloaded assembly
- Completed reload, in  2.029 seconds
Platform modules already initialized, skipping
Shader 'Custom/RainShader': fallback shader 'Particles/Alpha Blended' not found
Refreshing native plugins compatible for Editor in 0.61 ms, found 3 plugins.
Preloading 0 native plugins for Editor in 0.00 ms.
Unloading 2367 Unused Serialized files (Serialized files now loaded: 0)
System memory in use before: 196.2 MB.
System memory in use after: 196.4 MB.

Unloading 17 unused Assets to reduce memory usage. Loaded Objects now: 2976.
Total: 2.576700 ms (FindLiveObjects: 0.229500 ms CreateObjectMapping: 0.127600 ms MarkObjects: 2.201400 ms  DeleteObjects: 0.017200 ms)

AssetImportWorkerClient::OnTransportError - code=2 error=End of file
